<?xml version="1.0" encoding="UTF-8"?>
<!-- Generated by org.testng.reporters.JUnitReportReporter -->
<testsuite hostname="LAPTOP-VVE0L06F" failures="0" tests="6" name="com.crm.qa.testCases.ContactsPageTest" time="33.859" errors="0" timestamp="2021-04-06T13:05:26 IST" skipped="5">
  <testcase classname="com.crm.qa.testCases.ContactsPageTest" name="ValidateMenuBarItemns" time="33.859"/>
  <system-out/>
  <testcase classname="com.crm.qa.testCases.ContactsPageTest" name="printTablevaluesonconsole">
    <skipped/>
  </testcase> <!-- printTablevaluesonconsole -->
  <system-out/>
  <testcase classname="com.crm.qa.testCases.ContactsPageTest" name="deleteContactOnContactsPage">
    <skipped/>
  </testcase> <!-- deleteContactOnContactsPage -->
  <system-out/>
  <testcase classname="com.crm.qa.testCases.ContactsPageTest" name="ValidateCheckBoxinContactsTable">
    <skipped/>
  </testcase> <!-- ValidateCheckBoxinContactsTable -->
  <system-out/>
  <testcase classname="com.crm.qa.testCases.ContactsPageTest" name="createNewForm">
    <skipped/>
  </testcase> <!-- createNewForm -->
  <system-out/>
  <testcase classname="com.crm.qa.testCases.ContactsPageTest" name="ValidateContactsLabel">
    <skipped/>
  </testcase> <!-- ValidateContactsLabel -->
  <system-out/>
</testsuite> <!-- com.crm.qa.testCases.ContactsPageTest -->
