<?xml version="1.0" encoding="UTF-8"?>
<!-- Generated by org.testng.reporters.JUnitReportReporter -->
<testsuite hostname="LAPTOP-VVE0L06F" failures="0" tests="5" name="com.crm.qa.testCases.ContactsPageTest" time="96.652" errors="0" timestamp="2021-04-03T22:48:41 IST" skipped="4">
  <testcase classname="com.crm.qa.testCases.ContactsPageTest" name="deleteContactOnContactsPage" time="96.652"/>
  <system-out/>
  <testcase classname="com.crm.qa.testCases.ContactsPageTest" name="printTablevaluesonconsole">
    <skipped/>
  </testcase> <!-- printTablevaluesonconsole -->
  <system-out/>
  <testcase classname="com.crm.qa.testCases.ContactsPageTest" name="ValidateCheckBoxinContactsTable">
    <skipped/>
  </testcase> <!-- ValidateCheckBoxinContactsTable -->
  <system-out/>
  <testcase classname="com.crm.qa.testCases.ContactsPageTest" name="createNewForm">
    <skipped/>
  </testcase> <!-- createNewForm -->
  <system-out/>
  <testcase classname="com.crm.qa.testCases.ContactsPageTest" name="ValidateContactsLabel">
    <skipped/>
  </testcase> <!-- ValidateContactsLabel -->
  <system-out/>
</testsuite> <!-- com.crm.qa.testCases.ContactsPageTest -->
